<?xml version="1.0" encoding="UTF-8"?>
<testng-results skipped="0" failed="1" ignored="0" total="6" passed="5">
  <reporter-output>
  </reporter-output>
  <suite name="StaplesSuite" duration-ms="120969" started-at="2018-02-23T06:34:01Z" finished-at="2018-02-23T06:36:02Z">
    <groups>
    </groups>
    <test name="StaplesTests-FirefoxBrowser" duration-ms="56486" started-at="2018-02-23T06:34:01Z" finished-at="2018-02-23T06:34:57Z">
      <class name="Com.Staples.CommonLib.Baseclass">
        <test-method status="PASS" signature="browserLaunching(java.lang.String)[pri:0, instance:Com.Staples.CommonLib.Baseclass@78ac1102]" name="browserLaunching" duration-ms="9429" started-at="2018-02-23T12:04:01Z" finished-at="2018-02-23T12:04:11Z">
          <params>
            <param index="0">
              <value>
                <![CDATA[firefox]]>
              </value>
            </param>
          </params>
          <reporter-output>
          </reporter-output>
        </test-method> <!-- browserLaunching -->
      </class> <!-- Com.Staples.CommonLib.Baseclass -->
      <class name="Com.Staples.TestngTestCases.staplesTestngClasses">
        <test-method status="PASS" signature="startReport()[pri:0, instance:Com.Staples.TestngTestCases.staplesTestngClasses@3891771e]" name="startReport" is-config="true" duration-ms="340" started-at="2018-02-23T12:04:01Z" finished-at="2018-02-23T12:04:01Z">
          <reporter-output>
          </reporter-output>
        </test-method> <!-- startReport -->
        <test-method status="PASS" signature="Login()[pri:0, instance:Com.Staples.TestngTestCases.staplesTestngClasses@3891771e]" name="Login" is-config="true" duration-ms="586" started-at="2018-02-23T12:04:11Z" finished-at="2018-02-23T12:04:11Z">
          <reporter-output>
          </reporter-output>
        </test-method> <!-- Login -->
        <test-method status="PASS" signature="staplesLoginwithValidCredentials()[pri:0, instance:Com.Staples.TestngTestCases.staplesTestngClasses@3891771e]" name="staplesLoginwithValidCredentials" duration-ms="45235" started-at="2018-02-23T12:04:11Z" finished-at="2018-02-23T12:04:56Z">
          <reporter-output>
          </reporter-output>
        </test-method> <!-- staplesLoginwithValidCredentials -->
        <test-method status="PASS" signature="tearDown(org.testng.ITestResult)[pri:0, instance:Com.Staples.TestngTestCases.staplesTestngClasses@3891771e]" name="tearDown" is-config="true" duration-ms="2" started-at="2018-02-23T12:04:56Z" finished-at="2018-02-23T12:04:56Z">
          <params>
            <param index="0">
              <value>
                <![CDATA[[TestResult name=staplesLoginwithValidCredentials status=SUCCESS method=staplesTestngClasses.staplesLoginwithValidCredentials()[pri:0, instance:Com.Staples.TestngTestCases.staplesTestngClasses@3891771e] output={null}]]]>
              </value>
            </param>
          </params>
          <reporter-output>
          </reporter-output>
        </test-method> <!-- tearDown -->
        <test-method status="PASS" signature="endReport()[pri:0, instance:Com.Staples.TestngTestCases.staplesTestngClasses@3891771e]" name="endReport" is-config="true" duration-ms="858" started-at="2018-02-23T12:04:56Z" finished-at="2018-02-23T12:04:57Z">
          <reporter-output>
          </reporter-output>
        </test-method> <!-- endReport -->
      </class> <!-- Com.Staples.TestngTestCases.staplesTestngClasses -->
    </test> <!-- StaplesTests-FirefoxBrowser -->
    <test name="StaplesTests-ChromeBrowser" duration-ms="29799" started-at="2018-02-23T06:34:57Z" finished-at="2018-02-23T06:35:27Z">
      <class name="Com.Staples.CommonLib.Baseclass">
        <test-method status="PASS" signature="browserLaunching(java.lang.String)[pri:0, instance:Com.Staples.CommonLib.Baseclass@4cf4d528]" name="browserLaunching" duration-ms="5148" started-at="2018-02-23T12:04:57Z" finished-at="2018-02-23T12:05:03Z">
          <params>
            <param index="0">
              <value>
                <![CDATA[Chrome]]>
              </value>
            </param>
          </params>
          <reporter-output>
          </reporter-output>
        </test-method> <!-- browserLaunching -->
      </class> <!-- Com.Staples.CommonLib.Baseclass -->
      <class name="Com.Staples.TestngTestCases.staplesTestngClasses">
        <test-method status="PASS" signature="startReport()[pri:0, instance:Com.Staples.TestngTestCases.staplesTestngClasses@545997b1]" name="startReport" is-config="true" duration-ms="4" started-at="2018-02-23T12:04:57Z" finished-at="2018-02-23T12:04:57Z">
          <reporter-output>
          </reporter-output>
        </test-method> <!-- startReport -->
        <test-method status="PASS" signature="Login()[pri:0, instance:Com.Staples.TestngTestCases.staplesTestngClasses@545997b1]" name="Login" is-config="true" duration-ms="1168" started-at="2018-02-23T12:05:03Z" finished-at="2018-02-23T12:05:04Z">
          <reporter-output>
          </reporter-output>
        </test-method> <!-- Login -->
        <test-method status="PASS" signature="staplesLoginwithValidCredentials()[pri:0, instance:Com.Staples.TestngTestCases.staplesTestngClasses@545997b1]" name="staplesLoginwithValidCredentials" duration-ms="23169" started-at="2018-02-23T12:05:04Z" finished-at="2018-02-23T12:05:27Z">
          <reporter-output>
          </reporter-output>
        </test-method> <!-- staplesLoginwithValidCredentials -->
        <test-method status="PASS" signature="tearDown(org.testng.ITestResult)[pri:0, instance:Com.Staples.TestngTestCases.staplesTestngClasses@545997b1]" name="tearDown" is-config="true" duration-ms="1" started-at="2018-02-23T12:05:27Z" finished-at="2018-02-23T12:05:27Z">
          <params>
            <param index="0">
              <value>
                <![CDATA[[TestResult name=staplesLoginwithValidCredentials status=SUCCESS method=staplesTestngClasses.staplesLoginwithValidCredentials()[pri:0, instance:Com.Staples.TestngTestCases.staplesTestngClasses@545997b1] output={null}]]]>
              </value>
            </param>
          </params>
          <reporter-output>
          </reporter-output>
        </test-method> <!-- tearDown -->
        <test-method status="PASS" signature="endReport()[pri:0, instance:Com.Staples.TestngTestCases.staplesTestngClasses@545997b1]" name="endReport" is-config="true" duration-ms="301" started-at="2018-02-23T12:05:27Z" finished-at="2018-02-23T12:05:27Z">
          <reporter-output>
          </reporter-output>
        </test-method> <!-- endReport -->
      </class> <!-- Com.Staples.TestngTestCases.staplesTestngClasses -->
    </test> <!-- StaplesTests-ChromeBrowser -->
    <test name="StaplesTests-IEBrowser" duration-ms="34611" started-at="2018-02-23T06:35:27Z" finished-at="2018-02-23T06:36:02Z">
      <class name="Com.Staples.CommonLib.Baseclass">
        <test-method status="PASS" signature="browserLaunching(java.lang.String)[pri:0, instance:Com.Staples.CommonLib.Baseclass@24a35978]" name="browserLaunching" duration-ms="3649" started-at="2018-02-23T12:05:27Z" finished-at="2018-02-23T12:05:31Z">
          <params>
            <param index="0">
              <value>
                <![CDATA[IE]]>
              </value>
            </param>
          </params>
          <reporter-output>
          </reporter-output>
        </test-method> <!-- browserLaunching -->
      </class> <!-- Com.Staples.CommonLib.Baseclass -->
      <class name="Com.Staples.TestngTestCases.staplesTestngClasses">
        <test-method status="PASS" signature="startReport()[pri:0, instance:Com.Staples.TestngTestCases.staplesTestngClasses@df27fae]" name="startReport" is-config="true" duration-ms="2" started-at="2018-02-23T12:05:27Z" finished-at="2018-02-23T12:05:27Z">
          <reporter-output>
          </reporter-output>
        </test-method> <!-- startReport -->
        <test-method status="PASS" signature="Login()[pri:0, instance:Com.Staples.TestngTestCases.staplesTestngClasses@df27fae]" name="Login" is-config="true" duration-ms="60" started-at="2018-02-23T12:05:31Z" finished-at="2018-02-23T12:05:31Z">
          <reporter-output>
          </reporter-output>
        </test-method> <!-- Login -->
        <test-method status="FAIL" signature="staplesLoginwithValidCredentials()[pri:0, instance:Com.Staples.TestngTestCases.staplesTestngClasses@df27fae]" name="staplesLoginwithValidCredentials" duration-ms="30332" started-at="2018-02-23T12:05:31Z" finished-at="2018-02-23T12:06:01Z">
          <exception class="org.openqa.selenium.TimeoutException">
            <message>
              <![CDATA[Expected condition failed: waiting for presence of element located by: By.className: hidden-sm (tried for 20 second(s) with 500 MILLISECONDS interval)]]>
            </message>
            <full-stacktrace>
              <![CDATA[org.openqa.selenium.TimeoutException: Expected condition failed: waiting for presence of element located by: By.className: hidden-sm (tried for 20 second(s) with 500 MILLISECONDS interval)at org.openqa.selenium.support.ui.WebDriverWait.timeoutException(WebDriverWait.java:80)at org.openqa.selenium.support.ui.FluentWait.until(FluentWait.java:232)at Com.Staples.CommonLib.CommonLibs.waitForclassname(CommonLibs.java:30)at Com.Staples.ProjectSpecificLib.ProjectLib.staplesLoginTest(ProjectLib.java:31)at Com.Staples.TestngTestCases.staplesTestngClasses.staplesLoginwithValidCredentials(staplesTestngClasses.java:70)at sun.reflect.NativeMethodAccessorImpl.invoke0(Native Method)at sun.reflect.NativeMethodAccessorImpl.invoke(Unknown Source)at sun.reflect.DelegatingMethodAccessorImpl.invoke(Unknown Source)at java.lang.reflect.Method.invoke(Unknown Source)at org.testng.internal.MethodInvocationHelper.invokeMethod(MethodInvocationHelper.java:124)at org.testng.internal.Invoker.invokeMethod(Invoker.java:571)at org.testng.internal.Invoker.invokeTestMethod(Invoker.java:707)at org.testng.internal.Invoker.invokeTestMethods(Invoker.java:979)at org.testng.internal.TestMethodWorker.invokeTestMethods(TestMethodWorker.java:125)at org.testng.internal.TestMethodWorker.run(TestMethodWorker.java:109)at org.testng.TestRunner.privateRun(TestRunner.java:648)at org.testng.TestRunner.run(TestRunner.java:505)at org.testng.SuiteRunner.runTest(SuiteRunner.java:455)at org.testng.SuiteRunner.runSequentially(SuiteRunner.java:450)at org.testng.SuiteRunner.privateRun(SuiteRunner.java:415)at org.testng.SuiteRunner.run(SuiteRunner.java:364)at org.testng.SuiteRunnerWorker.runSuite(SuiteRunnerWorker.java:52)at org.testng.SuiteRunnerWorker.run(SuiteRunnerWorker.java:84)at org.testng.TestNG.runSuitesSequentially(TestNG.java:1187)at org.testng.TestNG.runSuitesLocally(TestNG.java:1116)at org.testng.TestNG.runSuites(TestNG.java:1028)at org.testng.TestNG.run(TestNG.java:996)at org.testng.remote.AbstractRemoteTestNG.run(AbstractRemoteTestNG.java:114)at org.testng.remote.RemoteTestNG.initAndRun(RemoteTestNG.java:251)at org.testng.remote.RemoteTestNG.main(RemoteTestNG.java:77)Caused by: org.openqa.selenium.NoSuchElementException: Cannot locate an element using By.className: hidden-smFor documentation on this error, please visit: http://seleniumhq.org/exceptions/no_such_element.htmlBuild info: version: '3.4.0', revision: 'unknown', time: 'unknown'System info: host: 'RPORAKALA-PC', ip: '192.168.18.95', os.name: 'Windows 10', os.arch: 'amd64', os.version: '10.0', java.version: '1.8.0_151'Driver info: driver.version: unknownat org.openqa.selenium.support.ui.ExpectedConditions.lambda$findElement$0(ExpectedConditions.java:883)at java.util.Optional.orElseThrow(Unknown Source)at org.openqa.selenium.support.ui.ExpectedConditions.findElement(ExpectedConditions.java:882)at org.openqa.selenium.support.ui.ExpectedConditions.access$000(ExpectedConditions.java:44)at org.openqa.selenium.support.ui.ExpectedConditions$6.apply(ExpectedConditions.java:183)at org.openqa.selenium.support.ui.ExpectedConditions$6.apply(ExpectedConditions.java:180)at org.openqa.selenium.support.ui.FluentWait.until(FluentWait.java:209)... 28 more]]>
            </full-stacktrace>
          </exception> <!-- org.openqa.selenium.TimeoutException -->
          <reporter-output>
          </reporter-output>
        </test-method> <!-- staplesLoginwithValidCredentials -->
        <test-method status="PASS" signature="tearDown(org.testng.ITestResult)[pri:0, instance:Com.Staples.TestngTestCases.staplesTestngClasses@df27fae]" name="tearDown" is-config="true" duration-ms="417" started-at="2018-02-23T12:06:01Z" finished-at="2018-02-23T12:06:02Z">
          <params>
            <param index="0">
              <value>
                <![CDATA[[TestResult name=staplesLoginwithValidCredentials status=FAILURE method=staplesTestngClasses.staplesLoginwithValidCredentials()[pri:0, instance:Com.Staples.TestngTestCases.staplesTestngClasses@df27fae] output={null}]]]>
              </value>
            </param>
          </params>
          <reporter-output>
          </reporter-output>
        </test-method> <!-- tearDown -->
        <test-method status="PASS" signature="endReport()[pri:0, instance:Com.Staples.TestngTestCases.staplesTestngClasses@df27fae]" name="endReport" is-config="true" duration-ms="140" started-at="2018-02-23T12:06:02Z" finished-at="2018-02-23T12:06:02Z">
          <reporter-output>
          </reporter-output>
        </test-method> <!-- endReport -->
      </class> <!-- Com.Staples.TestngTestCases.staplesTestngClasses -->
    </test> <!-- StaplesTests-IEBrowser -->
  </suite> <!-- StaplesSuite -->
</testng-results>
