<?xml version="1.0" encoding="UTF-8"?>
<!-- Generated by org.testng.reporters.JUnitXMLReporter -->
<testsuite hostname="ForgeRockTest1" ignored="0" name="Staples_SOMS_IEBrowser" tests="8" failures="1" timestamp="16 May 2018 06:35:29 GMT" time="35.457" errors="0">
  <testcase name="@AfterMethod tearDown" time="0.021" classname="Com.Staples.TestngTestCases.cornerstoneTestngClass">
    <failure type="org.openqa.selenium.NoSuchWindowException" message="Unable to get browser (WARNING: The server did not provide any stacktrace information)
Command duration or timeout: 19 milliseconds
Build info: version: &amp;apos;3.4.0&amp;apos;, revision: &amp;apos;unknown&amp;apos;, time: &amp;apos;unknown&amp;apos;
System info: host: &amp;apos;FORGEROCKTEST1&amp;apos;, ip: &amp;apos;10.4.120.237&amp;apos;, os.name: &amp;apos;Windows 10&amp;apos;, os.arch: &amp;apos;x86&amp;apos;, os.version: &amp;apos;10.0&amp;apos;, java.version: &amp;apos;1.8.0_161&amp;apos;
Driver info: org.openqa.selenium.ie.InternetExplorerDriver
Capabilities [{browserAttachTimeout=0.0, enablePersistentHover=true, ie.forceCreateProcessApi=false, ie.usePerProcessProxy=false, ignoreZoomSetting=false, handlesAlerts=true, version=11, platform=WINDOWS, nativeEvents=true, ie.ensureCleanSession=false, elementScrollBehavior=0.0, ie.browserCommandLineSwitches=, requireWindowFocus=false, browserName=internet explorer, initialBrowserUrl=http://localhost:38419/, takesScreenshot=true, javascriptEnabled=true, ignoreProtectedModeSettings=false, enableElementCacheCleanup=true, cssSelectorsEnabled=true, unexpectedAlertBehaviour=dismiss}]
Session ID: ceeba628-8003-4891-a47b-79e8dcecf4e5">
      <![CDATA[org.openqa.selenium.NoSuchWindowException: Unable to get browser (WARNING: The server did not provide any stacktrace information)
Command duration or timeout: 19 milliseconds
Build info: version: '3.4.0', revision: 'unknown', time: 'unknown'
System info: host: 'FORGEROCKTEST1', ip: '10.4.120.237', os.name: 'Windows 10', os.arch: 'x86', os.version: '10.0', java.version: '1.8.0_161'
Driver info: org.openqa.selenium.ie.InternetExplorerDriver
Capabilities [{browserAttachTimeout=0.0, enablePersistentHover=true, ie.forceCreateProcessApi=false, ie.usePerProcessProxy=false, ignoreZoomSetting=false, handlesAlerts=true, version=11, platform=WINDOWS, nativeEvents=true, ie.ensureCleanSession=false, elementScrollBehavior=0.0, ie.browserCommandLineSwitches=, requireWindowFocus=false, browserName=internet explorer, initialBrowserUrl=http://localhost:38419/, takesScreenshot=true, javascriptEnabled=true, ignoreProtectedModeSettings=false, enableElementCacheCleanup=true, cssSelectorsEnabled=true, unexpectedAlertBehaviour=dismiss}]
Session ID: ceeba628-8003-4891-a47b-79e8dcecf4e5
at org.openqa.selenium.remote.ErrorHandler.createThrowable(ErrorHandler.java:215)
at org.openqa.selenium.remote.ErrorHandler.throwIfResponseFailed(ErrorHandler.java:167)
at org.openqa.selenium.remote.RemoteWebDriver.execute(RemoteWebDriver.java:671)
at org.openqa.selenium.remote.RemoteWebDriver.execute(RemoteWebDriver.java:694)
at org.openqa.selenium.ie.InternetExplorerDriver.getScreenshotAs(InternetExplorerDriver.java:192)
at Com.Staples.Utilites.screenShot.captureScreenshot(screenShot.java:22)
at Com.Staples.TestngTestCases.cornerstoneTestngClass.tearDown(cornerstoneTestngClass.java:216)
... Removed 32 stack frames]]>
    </failure>
  </testcase> <!-- @AfterMethod tearDown -->
  <testcase name="@BeforeMethod Login" time="0.0" classname="Com.Staples.TestngTestCases.cornerstoneTestngClass">
    <skipped/>
  </testcase> <!-- @BeforeMethod Login -->
  <testcase name="@AfterMethod tearDown" time="0.0" classname="Com.Staples.TestngTestCases.cornerstoneTestngClass">
    <skipped/>
  </testcase> <!-- @AfterMethod tearDown -->
  <testcase name="@BeforeMethod Login" time="0.0" classname="Com.Staples.TestngTestCases.cornerstoneTestngClass">
    <skipped/>
  </testcase> <!-- @BeforeMethod Login -->
  <testcase name="@AfterMethod tearDown" time="0.0" classname="Com.Staples.TestngTestCases.cornerstoneTestngClass">
    <skipped/>
  </testcase> <!-- @AfterMethod tearDown -->
  <testcase name="@BeforeMethod Login" time="0.0" classname="Com.Staples.TestngTestCases.cornerstoneTestngClass">
    <skipped/>
  </testcase> <!-- @BeforeMethod Login -->
  <testcase name="@AfterMethod tearDown" time="0.0" classname="Com.Staples.TestngTestCases.cornerstoneTestngClass">
    <skipped/>
  </testcase> <!-- @AfterMethod tearDown -->
  <testcase name="@BeforeMethod Login" time="0.0" classname="Com.Staples.TestngTestCases.cornerstoneTestngClass">
    <skipped/>
  </testcase> <!-- @BeforeMethod Login -->
  <testcase name="@AfterMethod tearDown" time="0.0" classname="Com.Staples.TestngTestCases.cornerstoneTestngClass">
    <skipped/>
  </testcase> <!-- @AfterMethod tearDown -->
  <testcase name="@AfterTest extentReport" time="0.0" classname="Com.Staples.TestngTestCases.cornerstoneTestngClass">
    <skipped/>
  </testcase> <!-- @AfterTest extentReport -->
  <testcase name="testCasesExecutionStarted" time="3.678" classname="Com.Staples.CommonLib.Baseclass"/>
  <testcase name="cornerstoneLoginTestWithValidCredentials" time="11.754" classname="Com.Staples.TestngTestCases.cornerstoneTestngClass"/>
  <testcase name="cornerstoneloginTestwithBlankCredentials" time="9.488" classname="Com.Staples.TestngTestCases.cornerstoneTestngClass"/>
  <testcase name="cornerstoneloginTestwithEmptyPasswordField" time="9.831" classname="Com.Staples.TestngTestCases.cornerstoneTestngClass">
    <failure type="org.openqa.selenium.NoSuchWindowException" message="Unable to get browser (WARNING: The server did not provide any stacktrace information)
Command duration or timeout: 24 milliseconds
Build info: version: &amp;apos;3.4.0&amp;apos;, revision: &amp;apos;unknown&amp;apos;, time: &amp;apos;unknown&amp;apos;
System info: host: &amp;apos;FORGEROCKTEST1&amp;apos;, ip: &amp;apos;10.4.120.237&amp;apos;, os.name: &amp;apos;Windows 10&amp;apos;, os.arch: &amp;apos;x86&amp;apos;, os.version: &amp;apos;10.0&amp;apos;, java.version: &amp;apos;1.8.0_161&amp;apos;
Driver info: org.openqa.selenium.ie.InternetExplorerDriver
Capabilities [{browserAttachTimeout=0.0, enablePersistentHover=true, ie.forceCreateProcessApi=false, ie.usePerProcessProxy=false, ignoreZoomSetting=false, handlesAlerts=true, version=11, platform=WINDOWS, nativeEvents=true, ie.ensureCleanSession=false, elementScrollBehavior=0.0, ie.browserCommandLineSwitches=, requireWindowFocus=false, browserName=internet explorer, initialBrowserUrl=http://localhost:38419/, takesScreenshot=true, javascriptEnabled=true, ignoreProtectedModeSettings=false, enableElementCacheCleanup=true, cssSelectorsEnabled=true, unexpectedAlertBehaviour=dismiss}]
Session ID: ceeba628-8003-4891-a47b-79e8dcecf4e5">
      <![CDATA[org.openqa.selenium.NoSuchWindowException: Unable to get browser (WARNING: The server did not provide any stacktrace information)
Command duration or timeout: 24 milliseconds
Build info: version: '3.4.0', revision: 'unknown', time: 'unknown'
System info: host: 'FORGEROCKTEST1', ip: '10.4.120.237', os.name: 'Windows 10', os.arch: 'x86', os.version: '10.0', java.version: '1.8.0_161'
Driver info: org.openqa.selenium.ie.InternetExplorerDriver
Capabilities [{browserAttachTimeout=0.0, enablePersistentHover=true, ie.forceCreateProcessApi=false, ie.usePerProcessProxy=false, ignoreZoomSetting=false, handlesAlerts=true, version=11, platform=WINDOWS, nativeEvents=true, ie.ensureCleanSession=false, elementScrollBehavior=0.0, ie.browserCommandLineSwitches=, requireWindowFocus=false, browserName=internet explorer, initialBrowserUrl=http://localhost:38419/, takesScreenshot=true, javascriptEnabled=true, ignoreProtectedModeSettings=false, enableElementCacheCleanup=true, cssSelectorsEnabled=true, unexpectedAlertBehaviour=dismiss}]
Session ID: ceeba628-8003-4891-a47b-79e8dcecf4e5
at org.openqa.selenium.remote.ErrorHandler.createThrowable(ErrorHandler.java:215)
at org.openqa.selenium.remote.ErrorHandler.throwIfResponseFailed(ErrorHandler.java:167)
at org.openqa.selenium.remote.RemoteWebDriver.execute(RemoteWebDriver.java:671)
at org.openqa.selenium.remote.RemoteWebDriver.execute(RemoteWebDriver.java:694)
at org.openqa.selenium.remote.RemoteWebDriver$RemoteWebDriverOptions.deleteAllCookies(RemoteWebDriver.java:776)
at Com.Staples.ProjectSpecificLib.corner.testAuthenticationInvalidUsername(corner.java:71)
at Com.Staples.TestngTestCases.cornerstoneTestngClass.cornerstoneloginTestwithEmptyPasswordField(cornerstoneTestngClass.java:156)
... Removed 29 stack frames]]>
    </failure>
  </testcase> <!-- cornerstoneloginTestwithEmptyPasswordField -->
  <testcase name="cornerstoneloginTestwithEmptyUserNameField" time="0.0" classname="Com.Staples.TestngTestCases.cornerstoneTestngClass">
    <skipped/>
  </testcase> <!-- cornerstoneloginTestwithEmptyUserNameField -->
  <testcase name="cornerstoneloginTestwithInvalidCredentials" time="0.0" classname="Com.Staples.TestngTestCases.cornerstoneTestngClass">
    <skipped/>
  </testcase> <!-- cornerstoneloginTestwithInvalidCredentials -->
  <testcase name="cornerstoneloginTestwithInvalidPassword" time="0.0" classname="Com.Staples.TestngTestCases.cornerstoneTestngClass">
    <skipped/>
  </testcase> <!-- cornerstoneloginTestwithInvalidPassword -->
  <testcase name="cornerstoneloginTestwithInvalidUsername" time="0.0" classname="Com.Staples.TestngTestCases.cornerstoneTestngClass">
    <skipped/>
  </testcase> <!-- cornerstoneloginTestwithInvalidUsername -->
</testsuite> <!-- Staples_SOMS_IEBrowser -->
