<?xml version="1.0" encoding="UTF-8"?>
<!-- Generated by org.testng.reporters.JUnitXMLReporter -->
<testsuite hostname="ForgeRockTest1" ignored="0" name="Staples_EDSMedallia-FirefoxBrowser" tests="8" failures="1" timestamp="10 Apr 2018 09:34:53 GMT" time="23.461" errors="0">
  <testcase name="@AfterMethod tearDown" time="0.017" classname="Com.Staples.TestngTestCases.reflexisTestngClass">
    <failure type="org.openqa.selenium.SessionNotCreatedException" message="Tried to run command without establishing a connection
Build info: version: &amp;apos;3.4.0&amp;apos;, revision: &amp;apos;unknown&amp;apos;, time: &amp;apos;unknown&amp;apos;
System info: host: &amp;apos;FORGEROCKTEST1&amp;apos;, ip: &amp;apos;10.4.120.237&amp;apos;, os.name: &amp;apos;Windows 10&amp;apos;, os.arch: &amp;apos;x86&amp;apos;, os.version: &amp;apos;10.0&amp;apos;, java.version: &amp;apos;1.8.0_161&amp;apos;
Driver info: org.openqa.selenium.firefox.FirefoxDriver
Capabilities [{moz:profile=C:\Users\PorRa001\AppData\Local\Temp\rust_mozprofile.PkErWMJdSwZJ, rotatable=false, timeouts={implicit=0.0, pageLoad=300000.0, script=30000.0}, pageLoadStrategy=normal, moz:headless=false, platform=ANY, moz:accessibilityChecks=false, moz:useNonSpecCompliantPointerOrigin=false, acceptInsecureCerts=false, browserVersion=59.0.2, platformVersion=10.0, moz:processID=28784.0, browserName=firefox, javascriptEnabled=true, platformName=windows_nt, moz:webdriverClick=true}]
Session ID: 426b9ac5-c686-419e-9a2f-5a290a3c33d0">
      <![CDATA[org.openqa.selenium.SessionNotCreatedException: Tried to run command without establishing a connection
Build info: version: '3.4.0', revision: 'unknown', time: 'unknown'
System info: host: 'FORGEROCKTEST1', ip: '10.4.120.237', os.name: 'Windows 10', os.arch: 'x86', os.version: '10.0', java.version: '1.8.0_161'
Driver info: org.openqa.selenium.firefox.FirefoxDriver
Capabilities [{moz:profile=C:\Users\PorRa001\AppData\Local\Temp\rust_mozprofile.PkErWMJdSwZJ, rotatable=false, timeouts={implicit=0.0, pageLoad=300000.0, script=30000.0}, pageLoadStrategy=normal, moz:headless=false, platform=ANY, moz:accessibilityChecks=false, moz:useNonSpecCompliantPointerOrigin=false, acceptInsecureCerts=false, browserVersion=59.0.2, platformVersion=10.0, moz:processID=28784.0, browserName=firefox, javascriptEnabled=true, platformName=windows_nt, moz:webdriverClick=true}]
Session ID: 426b9ac5-c686-419e-9a2f-5a290a3c33d0
at org.openqa.selenium.remote.http.W3CHttpResponseCodec.createException(W3CHttpResponseCodec.java:150)
at org.openqa.selenium.remote.http.W3CHttpResponseCodec.decode(W3CHttpResponseCodec.java:115)
at org.openqa.selenium.remote.http.W3CHttpResponseCodec.decode(W3CHttpResponseCodec.java:45)
at org.openqa.selenium.remote.HttpCommandExecutor.execute(HttpCommandExecutor.java:164)
at org.openqa.selenium.remote.service.DriverCommandExecutor.execute(DriverCommandExecutor.java:82)
at org.openqa.selenium.remote.RemoteWebDriver.execute(RemoteWebDriver.java:637)
at org.openqa.selenium.remote.RemoteWebDriver.execute(RemoteWebDriver.java:694)
at org.openqa.selenium.remote.RemoteWebDriver.getScreenshotAs(RemoteWebDriver.java:382)
at Com.Staples.Utilites.screenShot.captureScreenshot(screenShot.java:22)
at Com.Staples.TestngTestCases.reflexisTestngClass.tearDown(reflexisTestngClass.java:218)
... Removed 32 stack frames]]>
    </failure>
  </testcase> <!-- @AfterMethod tearDown -->
  <testcase name="@BeforeMethod Login" time="0.0" classname="Com.Staples.TestngTestCases.reflexisTestngClass">
    <skipped/>
  </testcase> <!-- @BeforeMethod Login -->
  <testcase name="@AfterMethod tearDown" time="0.0" classname="Com.Staples.TestngTestCases.reflexisTestngClass">
    <skipped/>
  </testcase> <!-- @AfterMethod tearDown -->
  <testcase name="@BeforeMethod Login" time="0.0" classname="Com.Staples.TestngTestCases.reflexisTestngClass">
    <skipped/>
  </testcase> <!-- @BeforeMethod Login -->
  <testcase name="@AfterMethod tearDown" time="0.0" classname="Com.Staples.TestngTestCases.reflexisTestngClass">
    <skipped/>
  </testcase> <!-- @AfterMethod tearDown -->
  <testcase name="@BeforeMethod Login" time="0.0" classname="Com.Staples.TestngTestCases.reflexisTestngClass">
    <skipped/>
  </testcase> <!-- @BeforeMethod Login -->
  <testcase name="@AfterMethod tearDown" time="0.0" classname="Com.Staples.TestngTestCases.reflexisTestngClass">
    <skipped/>
  </testcase> <!-- @AfterMethod tearDown -->
  <testcase name="@BeforeMethod Login" time="0.0" classname="Com.Staples.TestngTestCases.reflexisTestngClass">
    <skipped/>
  </testcase> <!-- @BeforeMethod Login -->
  <testcase name="@AfterMethod tearDown" time="0.0" classname="Com.Staples.TestngTestCases.reflexisTestngClass">
    <skipped/>
  </testcase> <!-- @AfterMethod tearDown -->
  <testcase name="@BeforeMethod Login" time="0.0" classname="Com.Staples.TestngTestCases.reflexisTestngClass">
    <skipped/>
  </testcase> <!-- @BeforeMethod Login -->
  <testcase name="@AfterMethod tearDown" time="0.0" classname="Com.Staples.TestngTestCases.reflexisTestngClass">
    <skipped/>
  </testcase> <!-- @AfterMethod tearDown -->
  <testcase name="@AfterTest extentReport" time="0.0" classname="Com.Staples.TestngTestCases.reflexisTestngClass">
    <skipped/>
  </testcase> <!-- @AfterTest extentReport -->
  <testcase name="testCasesExecutionStarted" time="8.17" classname="Com.Staples.CommonLib.Baseclass"/>
  <testcase name="reflexisLoginTestWithValidCredentials" time="5.629" classname="Com.Staples.TestngTestCases.reflexisTestngClass"/>
  <testcase name="reflexisloginTestwithBlankCredentials" time="5.93" classname="Com.Staples.TestngTestCases.reflexisTestngClass">
    <failure type="org.openqa.selenium.WebDriverException" message="Failed to decode response from marionette
Build info: version: &amp;apos;3.4.0&amp;apos;, revision: &amp;apos;unknown&amp;apos;, time: &amp;apos;unknown&amp;apos;
System info: host: &amp;apos;FORGEROCKTEST1&amp;apos;, ip: &amp;apos;10.4.120.237&amp;apos;, os.name: &amp;apos;Windows 10&amp;apos;, os.arch: &amp;apos;x86&amp;apos;, os.version: &amp;apos;10.0&amp;apos;, java.version: &amp;apos;1.8.0_161&amp;apos;
Driver info: org.openqa.selenium.firefox.FirefoxDriver
Capabilities [{moz:profile=C:\Users\PorRa001\AppData\Local\Temp\rust_mozprofile.PkErWMJdSwZJ, rotatable=false, timeouts={implicit=0.0, pageLoad=300000.0, script=30000.0}, pageLoadStrategy=normal, moz:headless=false, platform=ANY, moz:accessibilityChecks=false, moz:useNonSpecCompliantPointerOrigin=false, acceptInsecureCerts=false, browserVersion=59.0.2, platformVersion=10.0, moz:processID=28784.0, browserName=firefox, javascriptEnabled=true, platformName=windows_nt, moz:webdriverClick=true}]
Session ID: 426b9ac5-c686-419e-9a2f-5a290a3c33d0
*** Element info: {Using=css selector, value=body &amp;gt; main &amp;gt; section &amp;gt; div &amp;gt; form &amp;gt; input.z_cta}">
      <![CDATA[org.openqa.selenium.WebDriverException: Failed to decode response from marionette
Build info: version: '3.4.0', revision: 'unknown', time: 'unknown'
System info: host: 'FORGEROCKTEST1', ip: '10.4.120.237', os.name: 'Windows 10', os.arch: 'x86', os.version: '10.0', java.version: '1.8.0_161'
Driver info: org.openqa.selenium.firefox.FirefoxDriver
Capabilities [{moz:profile=C:\Users\PorRa001\AppData\Local\Temp\rust_mozprofile.PkErWMJdSwZJ, rotatable=false, timeouts={implicit=0.0, pageLoad=300000.0, script=30000.0}, pageLoadStrategy=normal, moz:headless=false, platform=ANY, moz:accessibilityChecks=false, moz:useNonSpecCompliantPointerOrigin=false, acceptInsecureCerts=false, browserVersion=59.0.2, platformVersion=10.0, moz:processID=28784.0, browserName=firefox, javascriptEnabled=true, platformName=windows_nt, moz:webdriverClick=true}]
Session ID: 426b9ac5-c686-419e-9a2f-5a290a3c33d0
*** Element info: {Using=css selector, value=body > main > section > div > form > input.z_cta}
at org.openqa.selenium.remote.http.W3CHttpResponseCodec.createException(W3CHttpResponseCodec.java:150)
at org.openqa.selenium.remote.http.W3CHttpResponseCodec.decode(W3CHttpResponseCodec.java:115)
at org.openqa.selenium.remote.http.W3CHttpResponseCodec.decode(W3CHttpResponseCodec.java:45)
at org.openqa.selenium.remote.HttpCommandExecutor.execute(HttpCommandExecutor.java:164)
at org.openqa.selenium.remote.service.DriverCommandExecutor.execute(DriverCommandExecutor.java:82)
at org.openqa.selenium.remote.RemoteWebDriver.execute(RemoteWebDriver.java:637)
at org.openqa.selenium.remote.RemoteWebDriver.findElement(RemoteWebDriver.java:410)
at org.openqa.selenium.remote.RemoteWebDriver.findElementByCssSelector(RemoteWebDriver.java:501)
at org.openqa.selenium.By$ByCssSelector.findElement(By.java:430)
at org.openqa.selenium.remote.RemoteWebDriver.findElement(RemoteWebDriver.java:402)
at org.openqa.selenium.support.pagefactory.DefaultElementLocator.findElement(DefaultElementLocator.java:69)
at org.openqa.selenium.support.pagefactory.internal.LocatingElementHandler.invoke(LocatingElementHandler.java:38)
at com.sun.proxy.$Proxy11.click(Unknown Source)
at Com.Staples.ProjectSpecificLib.Reflexis.testAuthenticationInvalidUsername(Reflexis.java:64)
at Com.Staples.TestngTestCases.reflexisTestngClass.reflexisloginTestwithBlankCredentials(reflexisTestngClass.java:139)
... Removed 29 stack frames]]>
    </failure>
  </testcase> <!-- reflexisloginTestwithBlankCredentials -->
  <testcase name="reflexisloginTestwithEmptyPasswordField" time="0.0" classname="Com.Staples.TestngTestCases.reflexisTestngClass">
    <skipped/>
  </testcase> <!-- reflexisloginTestwithEmptyPasswordField -->
  <testcase name="reflexisloginTestwithEmptyUserNameField" time="0.0" classname="Com.Staples.TestngTestCases.reflexisTestngClass">
    <skipped/>
  </testcase> <!-- reflexisloginTestwithEmptyUserNameField -->
  <testcase name="reflexisloginTestwithInvalidCredentials" time="0.0" classname="Com.Staples.TestngTestCases.reflexisTestngClass">
    <skipped/>
  </testcase> <!-- reflexisloginTestwithInvalidCredentials -->
  <testcase name="reflexisloginTestwithInvalidPassword" time="0.0" classname="Com.Staples.TestngTestCases.reflexisTestngClass">
    <skipped/>
  </testcase> <!-- reflexisloginTestwithInvalidPassword -->
  <testcase name="reflexisloginTestwithInvalidUsername" time="0.0" classname="Com.Staples.TestngTestCases.reflexisTestngClass">
    <skipped/>
  </testcase> <!-- reflexisloginTestwithInvalidUsername -->
</testsuite> <!-- Staples_EDSMedallia-FirefoxBrowser -->
