<?xml version="1.0" encoding="UTF-8"?>
<!-- Generated by org.testng.reporters.JUnitXMLReporter -->
<testsuite hostname="ForgeRockTest1" ignored="0" name="Staples_EDSMedallia-ChromeBrowser" tests="8" failures="1" timestamp="10 Apr 2018 09:35:08 GMT" time="15.324" errors="0">
  <testcase name="@AfterMethod tearDown" time="4.09" classname="Com.Staples.TestngTestCases.reflexisTestngClass">
    <failure type="org.openqa.selenium.WebDriverException" message="chrome not reachable
  (Session info: chrome=65.0.3325.181)
  (Driver info: chromedriver=2.37.544315 (730aa6a5fdba159ac9f4c1e8cbc59bf1b5ce12b7),platform=Windows NT 10.0.16299 x86_64) (WARNING: The server did not provide any stacktrace information)
Command duration or timeout: 4.08 seconds
Build info: version: &amp;apos;3.4.0&amp;apos;, revision: &amp;apos;unknown&amp;apos;, time: &amp;apos;unknown&amp;apos;
System info: host: &amp;apos;FORGEROCKTEST1&amp;apos;, ip: &amp;apos;10.4.120.237&amp;apos;, os.name: &amp;apos;Windows 10&amp;apos;, os.arch: &amp;apos;x86&amp;apos;, os.version: &amp;apos;10.0&amp;apos;, java.version: &amp;apos;1.8.0_161&amp;apos;
Driver info: org.openqa.selenium.chrome.ChromeDriver
Capabilities [{applicationCacheEnabled=false, rotatable=false, mobileEmulationEnabled=false, networkConnectionEnabled=false, chrome={chromedriverVersion=2.37.544315 (730aa6a5fdba159ac9f4c1e8cbc59bf1b5ce12b7), userDataDir=C:\Users\PorRa001\AppData\Local\Temp\scoped_dir22176_9205}, takesHeapSnapshot=true, pageLoadStrategy=normal, databaseEnabled=false, handlesAlerts=true, hasTouchScreen=false, version=65.0.3325.181, platform=XP, browserConnectionEnabled=false, nativeEvents=true, acceptSslCerts=false, acceptInsecureCerts=false, locationContextEnabled=true, webStorageEnabled=true, browserName=chrome, takesScreenshot=true, javascriptEnabled=true, cssSelectorsEnabled=true, setWindowRect=true, unexpectedAlertBehaviour=}]
Session ID: 9cd73981bef8c6bc31c516afb6b4596b">
      <![CDATA[org.openqa.selenium.WebDriverException: chrome not reachable
  (Session info: chrome=65.0.3325.181)
  (Driver info: chromedriver=2.37.544315 (730aa6a5fdba159ac9f4c1e8cbc59bf1b5ce12b7),platform=Windows NT 10.0.16299 x86_64) (WARNING: The server did not provide any stacktrace information)
Command duration or timeout: 4.08 seconds
Build info: version: '3.4.0', revision: 'unknown', time: 'unknown'
System info: host: 'FORGEROCKTEST1', ip: '10.4.120.237', os.name: 'Windows 10', os.arch: 'x86', os.version: '10.0', java.version: '1.8.0_161'
Driver info: org.openqa.selenium.chrome.ChromeDriver
Capabilities [{applicationCacheEnabled=false, rotatable=false, mobileEmulationEnabled=false, networkConnectionEnabled=false, chrome={chromedriverVersion=2.37.544315 (730aa6a5fdba159ac9f4c1e8cbc59bf1b5ce12b7), userDataDir=C:\Users\PorRa001\AppData\Local\Temp\scoped_dir22176_9205}, takesHeapSnapshot=true, pageLoadStrategy=normal, databaseEnabled=false, handlesAlerts=true, hasTouchScreen=false, version=65.0.3325.181, platform=XP, browserConnectionEnabled=false, nativeEvents=true, acceptSslCerts=false, acceptInsecureCerts=false, locationContextEnabled=true, webStorageEnabled=true, browserName=chrome, takesScreenshot=true, javascriptEnabled=true, cssSelectorsEnabled=true, setWindowRect=true, unexpectedAlertBehaviour=}]
Session ID: 9cd73981bef8c6bc31c516afb6b4596b
at org.openqa.selenium.remote.ErrorHandler.createThrowable(ErrorHandler.java:215)
at org.openqa.selenium.remote.ErrorHandler.throwIfResponseFailed(ErrorHandler.java:167)
at org.openqa.selenium.remote.RemoteWebDriver.execute(RemoteWebDriver.java:671)
at org.openqa.selenium.remote.RemoteWebDriver.execute(RemoteWebDriver.java:694)
at org.openqa.selenium.remote.RemoteWebDriver.getScreenshotAs(RemoteWebDriver.java:382)
at Com.Staples.Utilites.screenShot.captureScreenshot(screenShot.java:22)
at Com.Staples.TestngTestCases.reflexisTestngClass.tearDown(reflexisTestngClass.java:218)
... Removed 32 stack frames]]>
    </failure>
  </testcase> <!-- @AfterMethod tearDown -->
  <testcase name="@BeforeMethod Login" time="0.0" classname="Com.Staples.TestngTestCases.reflexisTestngClass">
    <skipped/>
  </testcase> <!-- @BeforeMethod Login -->
  <testcase name="@AfterMethod tearDown" time="0.0" classname="Com.Staples.TestngTestCases.reflexisTestngClass">
    <skipped/>
  </testcase> <!-- @AfterMethod tearDown -->
  <testcase name="@BeforeMethod Login" time="0.0" classname="Com.Staples.TestngTestCases.reflexisTestngClass">
    <skipped/>
  </testcase> <!-- @BeforeMethod Login -->
  <testcase name="@AfterMethod tearDown" time="0.0" classname="Com.Staples.TestngTestCases.reflexisTestngClass">
    <skipped/>
  </testcase> <!-- @AfterMethod tearDown -->
  <testcase name="@BeforeMethod Login" time="0.0" classname="Com.Staples.TestngTestCases.reflexisTestngClass">
    <skipped/>
  </testcase> <!-- @BeforeMethod Login -->
  <testcase name="@AfterMethod tearDown" time="0.0" classname="Com.Staples.TestngTestCases.reflexisTestngClass">
    <skipped/>
  </testcase> <!-- @AfterMethod tearDown -->
  <testcase name="@BeforeMethod Login" time="0.0" classname="Com.Staples.TestngTestCases.reflexisTestngClass">
    <skipped/>
  </testcase> <!-- @BeforeMethod Login -->
  <testcase name="@AfterMethod tearDown" time="0.0" classname="Com.Staples.TestngTestCases.reflexisTestngClass">
    <skipped/>
  </testcase> <!-- @AfterMethod tearDown -->
  <testcase name="@BeforeMethod Login" time="0.0" classname="Com.Staples.TestngTestCases.reflexisTestngClass">
    <skipped/>
  </testcase> <!-- @BeforeMethod Login -->
  <testcase name="@AfterMethod tearDown" time="0.0" classname="Com.Staples.TestngTestCases.reflexisTestngClass">
    <skipped/>
  </testcase> <!-- @AfterMethod tearDown -->
  <testcase name="@BeforeMethod Login" time="0.0" classname="Com.Staples.TestngTestCases.reflexisTestngClass">
    <skipped/>
  </testcase> <!-- @BeforeMethod Login -->
  <testcase name="@AfterMethod tearDown" time="0.0" classname="Com.Staples.TestngTestCases.reflexisTestngClass">
    <skipped/>
  </testcase> <!-- @AfterMethod tearDown -->
  <testcase name="@AfterTest extentReport" time="0.0" classname="Com.Staples.TestngTestCases.reflexisTestngClass">
    <skipped/>
  </testcase> <!-- @AfterTest extentReport -->
  <testcase name="testCasesExecutionStarted" time="2.761" classname="Com.Staples.CommonLib.Baseclass"/>
  <testcase name="reflexisLoginTestWithValidCredentials" time="7.146" classname="Com.Staples.TestngTestCases.reflexisTestngClass">
    <failure type="org.openqa.selenium.WebDriverException" message="chrome not reachable
  (Session info: chrome=65.0.3325.181)
  (Driver info: chromedriver=2.37.544315 (730aa6a5fdba159ac9f4c1e8cbc59bf1b5ce12b7),platform=Windows NT 10.0.16299 x86_64) (WARNING: The server did not provide any stacktrace information)
Command duration or timeout: 4.11 seconds
Build info: version: &amp;apos;3.4.0&amp;apos;, revision: &amp;apos;unknown&amp;apos;, time: &amp;apos;unknown&amp;apos;
System info: host: &amp;apos;FORGEROCKTEST1&amp;apos;, ip: &amp;apos;10.4.120.237&amp;apos;, os.name: &amp;apos;Windows 10&amp;apos;, os.arch: &amp;apos;x86&amp;apos;, os.version: &amp;apos;10.0&amp;apos;, java.version: &amp;apos;1.8.0_161&amp;apos;
Driver info: org.openqa.selenium.chrome.ChromeDriver
Capabilities [{applicationCacheEnabled=false, rotatable=false, mobileEmulationEnabled=false, networkConnectionEnabled=false, chrome={chromedriverVersion=2.37.544315 (730aa6a5fdba159ac9f4c1e8cbc59bf1b5ce12b7), userDataDir=C:\Users\PorRa001\AppData\Local\Temp\scoped_dir22176_9205}, takesHeapSnapshot=true, pageLoadStrategy=normal, databaseEnabled=false, handlesAlerts=true, hasTouchScreen=false, version=65.0.3325.181, platform=XP, browserConnectionEnabled=false, nativeEvents=true, acceptSslCerts=false, acceptInsecureCerts=false, locationContextEnabled=true, webStorageEnabled=true, browserName=chrome, takesScreenshot=true, javascriptEnabled=true, cssSelectorsEnabled=true, setWindowRect=true, unexpectedAlertBehaviour=}]
Session ID: 9cd73981bef8c6bc31c516afb6b4596b
*** Element info: {Using=name, value=password}">
      <![CDATA[org.openqa.selenium.WebDriverException: chrome not reachable
  (Session info: chrome=65.0.3325.181)
  (Driver info: chromedriver=2.37.544315 (730aa6a5fdba159ac9f4c1e8cbc59bf1b5ce12b7),platform=Windows NT 10.0.16299 x86_64) (WARNING: The server did not provide any stacktrace information)
Command duration or timeout: 4.11 seconds
Build info: version: '3.4.0', revision: 'unknown', time: 'unknown'
System info: host: 'FORGEROCKTEST1', ip: '10.4.120.237', os.name: 'Windows 10', os.arch: 'x86', os.version: '10.0', java.version: '1.8.0_161'
Driver info: org.openqa.selenium.chrome.ChromeDriver
Capabilities [{applicationCacheEnabled=false, rotatable=false, mobileEmulationEnabled=false, networkConnectionEnabled=false, chrome={chromedriverVersion=2.37.544315 (730aa6a5fdba159ac9f4c1e8cbc59bf1b5ce12b7), userDataDir=C:\Users\PorRa001\AppData\Local\Temp\scoped_dir22176_9205}, takesHeapSnapshot=true, pageLoadStrategy=normal, databaseEnabled=false, handlesAlerts=true, hasTouchScreen=false, version=65.0.3325.181, platform=XP, browserConnectionEnabled=false, nativeEvents=true, acceptSslCerts=false, acceptInsecureCerts=false, locationContextEnabled=true, webStorageEnabled=true, browserName=chrome, takesScreenshot=true, javascriptEnabled=true, cssSelectorsEnabled=true, setWindowRect=true, unexpectedAlertBehaviour=}]
Session ID: 9cd73981bef8c6bc31c516afb6b4596b
*** Element info: {Using=name, value=password}
at org.openqa.selenium.remote.ErrorHandler.createThrowable(ErrorHandler.java:215)
at org.openqa.selenium.remote.ErrorHandler.throwIfResponseFailed(ErrorHandler.java:167)
at org.openqa.selenium.remote.RemoteWebDriver.execute(RemoteWebDriver.java:671)
at org.openqa.selenium.remote.RemoteWebDriver.findElement(RemoteWebDriver.java:410)
at org.openqa.selenium.remote.RemoteWebDriver.findElementByName(RemoteWebDriver.java:485)
at org.openqa.selenium.By$ByName.findElement(By.java:303)
at org.openqa.selenium.remote.RemoteWebDriver.findElement(RemoteWebDriver.java:402)
at org.openqa.selenium.support.pagefactory.DefaultElementLocator.findElement(DefaultElementLocator.java:69)
at org.openqa.selenium.support.pagefactory.internal.LocatingElementHandler.invoke(LocatingElementHandler.java:38)
at com.sun.proxy.$Proxy11.sendKeys(Unknown Source)
at Com.Staples.ProjectSpecificLib.Reflexis.staplesLoginTest(Reflexis.java:32)
at Com.Staples.TestngTestCases.reflexisTestngClass.reflexisLoginTestWithValidCredentials(reflexisTestngClass.java:80)
... Removed 29 stack frames]]>
    </failure>
  </testcase> <!-- reflexisLoginTestWithValidCredentials -->
  <testcase name="reflexisloginTestwithBlankCredentials" time="0.0" classname="Com.Staples.TestngTestCases.reflexisTestngClass">
    <skipped/>
  </testcase> <!-- reflexisloginTestwithBlankCredentials -->
  <testcase name="reflexisloginTestwithEmptyPasswordField" time="0.0" classname="Com.Staples.TestngTestCases.reflexisTestngClass">
    <skipped/>
  </testcase> <!-- reflexisloginTestwithEmptyPasswordField -->
  <testcase name="reflexisloginTestwithEmptyUserNameField" time="0.0" classname="Com.Staples.TestngTestCases.reflexisTestngClass">
    <skipped/>
  </testcase> <!-- reflexisloginTestwithEmptyUserNameField -->
  <testcase name="reflexisloginTestwithInvalidCredentials" time="0.0" classname="Com.Staples.TestngTestCases.reflexisTestngClass">
    <skipped/>
  </testcase> <!-- reflexisloginTestwithInvalidCredentials -->
  <testcase name="reflexisloginTestwithInvalidPassword" time="0.0" classname="Com.Staples.TestngTestCases.reflexisTestngClass">
    <skipped/>
  </testcase> <!-- reflexisloginTestwithInvalidPassword -->
  <testcase name="reflexisloginTestwithInvalidUsername" time="0.0" classname="Com.Staples.TestngTestCases.reflexisTestngClass">
    <skipped/>
  </testcase> <!-- reflexisloginTestwithInvalidUsername -->
</testsuite> <!-- Staples_EDSMedallia-ChromeBrowser -->
