<?xml version="1.0" encoding="UTF-8"?>
<!-- Generated by org.testng.reporters.JUnitXMLReporter -->
<testsuite hostname="ForgeRockTest1" ignored="0" name="Staples_CornerStone_ChromeBrowser" tests="8" failures="1" timestamp="16 May 2018 07:31:50 GMT" time="7.738" errors="0">
  <testcase name="@AfterMethod tearDown" time="0.02" classname="Com.Staples.TestngTestCases.cornerstoneTestngClass">
    <failure type="org.openqa.selenium.NoSuchWindowException" message="Unable to get browser (WARNING: The server did not provide any stacktrace information)
Command duration or timeout: 16 milliseconds
Build info: version: &amp;apos;3.4.0&amp;apos;, revision: &amp;apos;unknown&amp;apos;, time: &amp;apos;unknown&amp;apos;
System info: host: &amp;apos;FORGEROCKTEST1&amp;apos;, ip: &amp;apos;10.4.120.237&amp;apos;, os.name: &amp;apos;Windows 10&amp;apos;, os.arch: &amp;apos;x86&amp;apos;, os.version: &amp;apos;10.0&amp;apos;, java.version: &amp;apos;1.8.0_161&amp;apos;
Driver info: org.openqa.selenium.ie.InternetExplorerDriver
Capabilities [{browserAttachTimeout=0.0, enablePersistentHover=true, ie.forceCreateProcessApi=false, ie.usePerProcessProxy=false, ignoreZoomSetting=false, handlesAlerts=true, version=11, platform=WINDOWS, nativeEvents=true, ie.ensureCleanSession=false, elementScrollBehavior=0.0, ie.browserCommandLineSwitches=, requireWindowFocus=false, browserName=internet explorer, initialBrowserUrl=http://localhost:24806/, takesScreenshot=true, javascriptEnabled=true, ignoreProtectedModeSettings=false, enableElementCacheCleanup=true, cssSelectorsEnabled=true, unexpectedAlertBehaviour=dismiss}]
Session ID: 65eb4808-901b-40af-872e-47d7f8ac9a76">
      <![CDATA[org.openqa.selenium.NoSuchWindowException: Unable to get browser (WARNING: The server did not provide any stacktrace information)
Command duration or timeout: 16 milliseconds
Build info: version: '3.4.0', revision: 'unknown', time: 'unknown'
System info: host: 'FORGEROCKTEST1', ip: '10.4.120.237', os.name: 'Windows 10', os.arch: 'x86', os.version: '10.0', java.version: '1.8.0_161'
Driver info: org.openqa.selenium.ie.InternetExplorerDriver
Capabilities [{browserAttachTimeout=0.0, enablePersistentHover=true, ie.forceCreateProcessApi=false, ie.usePerProcessProxy=false, ignoreZoomSetting=false, handlesAlerts=true, version=11, platform=WINDOWS, nativeEvents=true, ie.ensureCleanSession=false, elementScrollBehavior=0.0, ie.browserCommandLineSwitches=, requireWindowFocus=false, browserName=internet explorer, initialBrowserUrl=http://localhost:24806/, takesScreenshot=true, javascriptEnabled=true, ignoreProtectedModeSettings=false, enableElementCacheCleanup=true, cssSelectorsEnabled=true, unexpectedAlertBehaviour=dismiss}]
Session ID: 65eb4808-901b-40af-872e-47d7f8ac9a76
at org.openqa.selenium.remote.ErrorHandler.createThrowable(ErrorHandler.java:215)
at org.openqa.selenium.remote.ErrorHandler.throwIfResponseFailed(ErrorHandler.java:167)
at org.openqa.selenium.remote.RemoteWebDriver.execute(RemoteWebDriver.java:671)
at org.openqa.selenium.remote.RemoteWebDriver.execute(RemoteWebDriver.java:694)
at org.openqa.selenium.ie.InternetExplorerDriver.getScreenshotAs(InternetExplorerDriver.java:192)
at Com.Staples.Utilites.screenShot.captureScreenshot(screenShot.java:22)
at Com.Staples.TestngTestCases.cornerstoneTestngClass.tearDown(cornerstoneTestngClass.java:216)
... Removed 32 stack frames]]>
    </failure>
  </testcase> <!-- @AfterMethod tearDown -->
  <testcase name="@BeforeMethod Login" time="0.0" classname="Com.Staples.TestngTestCases.cornerstoneTestngClass">
    <skipped/>
  </testcase> <!-- @BeforeMethod Login -->
  <testcase name="@AfterMethod tearDown" time="0.0" classname="Com.Staples.TestngTestCases.cornerstoneTestngClass">
    <skipped/>
  </testcase> <!-- @AfterMethod tearDown -->
  <testcase name="@BeforeMethod Login" time="0.0" classname="Com.Staples.TestngTestCases.cornerstoneTestngClass">
    <skipped/>
  </testcase> <!-- @BeforeMethod Login -->
  <testcase name="@AfterMethod tearDown" time="0.0" classname="Com.Staples.TestngTestCases.cornerstoneTestngClass">
    <skipped/>
  </testcase> <!-- @AfterMethod tearDown -->
  <testcase name="@BeforeMethod Login" time="0.0" classname="Com.Staples.TestngTestCases.cornerstoneTestngClass">
    <skipped/>
  </testcase> <!-- @BeforeMethod Login -->
  <testcase name="@AfterMethod tearDown" time="0.0" classname="Com.Staples.TestngTestCases.cornerstoneTestngClass">
    <skipped/>
  </testcase> <!-- @AfterMethod tearDown -->
  <testcase name="@BeforeMethod Login" time="0.0" classname="Com.Staples.TestngTestCases.cornerstoneTestngClass">
    <skipped/>
  </testcase> <!-- @BeforeMethod Login -->
  <testcase name="@AfterMethod tearDown" time="0.0" classname="Com.Staples.TestngTestCases.cornerstoneTestngClass">
    <skipped/>
  </testcase> <!-- @AfterMethod tearDown -->
  <testcase name="@BeforeMethod Login" time="0.0" classname="Com.Staples.TestngTestCases.cornerstoneTestngClass">
    <skipped/>
  </testcase> <!-- @BeforeMethod Login -->
  <testcase name="@AfterMethod tearDown" time="0.0" classname="Com.Staples.TestngTestCases.cornerstoneTestngClass">
    <skipped/>
  </testcase> <!-- @AfterMethod tearDown -->
  <testcase name="@BeforeMethod Login" time="0.0" classname="Com.Staples.TestngTestCases.cornerstoneTestngClass">
    <skipped/>
  </testcase> <!-- @BeforeMethod Login -->
  <testcase name="@AfterMethod tearDown" time="0.0" classname="Com.Staples.TestngTestCases.cornerstoneTestngClass">
    <skipped/>
  </testcase> <!-- @AfterMethod tearDown -->
  <testcase name="@AfterTest extentReport" time="0.0" classname="Com.Staples.TestngTestCases.cornerstoneTestngClass">
    <skipped/>
  </testcase> <!-- @AfterTest extentReport -->
  <testcase name="testCasesExecutionStarted" time="3.824" classname="Com.Staples.CommonLib.Baseclass"/>
  <testcase name="cornerstoneLoginTestWithValidCredentials" time="3.277" classname="Com.Staples.TestngTestCases.cornerstoneTestngClass">
    <failure type="org.openqa.selenium.ElementNotVisibleException" message="Element is not displayed (WARNING: The server did not provide any stacktrace information)
Command duration or timeout: 327 milliseconds
Build info: version: &amp;apos;3.4.0&amp;apos;, revision: &amp;apos;unknown&amp;apos;, time: &amp;apos;unknown&amp;apos;
System info: host: &amp;apos;FORGEROCKTEST1&amp;apos;, ip: &amp;apos;10.4.120.237&amp;apos;, os.name: &amp;apos;Windows 10&amp;apos;, os.arch: &amp;apos;x86&amp;apos;, os.version: &amp;apos;10.0&amp;apos;, java.version: &amp;apos;1.8.0_161&amp;apos;
Driver info: org.openqa.selenium.ie.InternetExplorerDriver
Capabilities [{browserAttachTimeout=0.0, enablePersistentHover=true, ie.forceCreateProcessApi=false, ie.usePerProcessProxy=false, ignoreZoomSetting=false, handlesAlerts=true, version=11, platform=WINDOWS, nativeEvents=true, ie.ensureCleanSession=false, elementScrollBehavior=0.0, ie.browserCommandLineSwitches=, requireWindowFocus=false, browserName=internet explorer, initialBrowserUrl=http://localhost:24806/, takesScreenshot=true, javascriptEnabled=true, ignoreProtectedModeSettings=false, enableElementCacheCleanup=true, cssSelectorsEnabled=true, unexpectedAlertBehaviour=dismiss}]
Session ID: 65eb4808-901b-40af-872e-47d7f8ac9a76">
      <![CDATA[org.openqa.selenium.ElementNotVisibleException: Element is not displayed (WARNING: The server did not provide any stacktrace information)
Command duration or timeout: 327 milliseconds
Build info: version: '3.4.0', revision: 'unknown', time: 'unknown'
System info: host: 'FORGEROCKTEST1', ip: '10.4.120.237', os.name: 'Windows 10', os.arch: 'x86', os.version: '10.0', java.version: '1.8.0_161'
Driver info: org.openqa.selenium.ie.InternetExplorerDriver
Capabilities [{browserAttachTimeout=0.0, enablePersistentHover=true, ie.forceCreateProcessApi=false, ie.usePerProcessProxy=false, ignoreZoomSetting=false, handlesAlerts=true, version=11, platform=WINDOWS, nativeEvents=true, ie.ensureCleanSession=false, elementScrollBehavior=0.0, ie.browserCommandLineSwitches=, requireWindowFocus=false, browserName=internet explorer, initialBrowserUrl=http://localhost:24806/, takesScreenshot=true, javascriptEnabled=true, ignoreProtectedModeSettings=false, enableElementCacheCleanup=true, cssSelectorsEnabled=true, unexpectedAlertBehaviour=dismiss}]
Session ID: 65eb4808-901b-40af-872e-47d7f8ac9a76
at org.openqa.selenium.remote.ErrorHandler.createThrowable(ErrorHandler.java:215)
at org.openqa.selenium.remote.ErrorHandler.throwIfResponseFailed(ErrorHandler.java:167)
at org.openqa.selenium.remote.RemoteWebDriver.execute(RemoteWebDriver.java:671)
at org.openqa.selenium.remote.RemoteWebElement.execute(RemoteWebElement.java:272)
at org.openqa.selenium.remote.RemoteWebElement.sendKeys(RemoteWebElement.java:96)
at org.openqa.selenium.support.pagefactory.internal.LocatingElementHandler.invoke(LocatingElementHandler.java:51)
at com.sun.proxy.$Proxy11.sendKeys(Unknown Source)
at Com.Staples.ProjectSpecificLib.corner.staplesLoginTest(corner.java:30)
at Com.Staples.TestngTestCases.cornerstoneTestngClass.cornerstoneLoginTestWithValidCredentials(cornerstoneTestngClass.java:78)
... Removed 33 stack frames]]>
    </failure>
  </testcase> <!-- cornerstoneLoginTestWithValidCredentials -->
  <testcase name="cornerstoneloginTestwithBlankCredentials" time="0.0" classname="Com.Staples.TestngTestCases.cornerstoneTestngClass">
    <skipped/>
  </testcase> <!-- cornerstoneloginTestwithBlankCredentials -->
  <testcase name="cornerstoneloginTestwithEmptyPasswordField" time="0.0" classname="Com.Staples.TestngTestCases.cornerstoneTestngClass">
    <skipped/>
  </testcase> <!-- cornerstoneloginTestwithEmptyPasswordField -->
  <testcase name="cornerstoneloginTestwithEmptyUserNameField" time="0.0" classname="Com.Staples.TestngTestCases.cornerstoneTestngClass">
    <skipped/>
  </testcase> <!-- cornerstoneloginTestwithEmptyUserNameField -->
  <testcase name="cornerstoneloginTestwithInvalidCredentials" time="0.0" classname="Com.Staples.TestngTestCases.cornerstoneTestngClass">
    <skipped/>
  </testcase> <!-- cornerstoneloginTestwithInvalidCredentials -->
  <testcase name="cornerstoneloginTestwithInvalidPassword" time="0.0" classname="Com.Staples.TestngTestCases.cornerstoneTestngClass">
    <skipped/>
  </testcase> <!-- cornerstoneloginTestwithInvalidPassword -->
  <testcase name="cornerstoneloginTestwithInvalidUsername" time="0.0" classname="Com.Staples.TestngTestCases.cornerstoneTestngClass">
    <skipped/>
  </testcase> <!-- cornerstoneloginTestwithInvalidUsername -->
</testsuite> <!-- Staples_CornerStone_ChromeBrowser -->
