<?xml version="1.0" encoding="UTF-8"?>
<!-- Generated by org.testng.reporters.JUnitXMLReporter -->
<testsuite hostname="rporakala-pc" ignored="0" name="Staples" tests="2" failures="1" timestamp="15 Feb 2018 07:41:53 GMT" time="7.087" errors="0">
  <testcase name="browserLaunch" time="6.001" classname="Com.Staples.CommonLib.Baseclass"/>
  <testcase name="staplesLogin" time="0.382" classname="Com.Staples.TestngTestCases.staplesTestngClasses">
    <failure type="org.openqa.selenium.InvalidArgumentException" message="Malformed URL: Adminurl is not a valid URL.
Build info: version: &amp;apos;3.4.0&amp;apos;, revision: &amp;apos;unknown&amp;apos;, time: &amp;apos;unknown&amp;apos;
System info: host: &amp;apos;RPORAKALA-PC&amp;apos;, ip: &amp;apos;192.168.18.93&amp;apos;, os.name: &amp;apos;Windows 10&amp;apos;, os.arch: &amp;apos;amd64&amp;apos;, os.version: &amp;apos;10.0&amp;apos;, java.version: &amp;apos;1.8.0_151&amp;apos;
Driver info: org.openqa.selenium.firefox.FirefoxDriver
Capabilities [{moz:profile=C:\Users\rporakala\AppData\Local\Temp\rust_mozprofile.Co6ETQhWqVyS, rotatable=false, timeouts={implicit=0.0, pageLoad=300000.0, script=30000.0}, pageLoadStrategy=normal, moz:headless=false, platform=ANY, moz:accessibilityChecks=false, acceptInsecureCerts=false, browserVersion=58.0.2, platformVersion=10.0, moz:processID=908.0, browserName=firefox, javascriptEnabled=true, platformName=windows_nt, moz:webdriverClick=true}]
Session ID: cdb31bdb-d857-469a-844a-3b2e48b5a9f2">
      <![CDATA[org.openqa.selenium.InvalidArgumentException: Malformed URL: Adminurl is not a valid URL.Build info: version: '3.4.0', revision: 'unknown', time: 'unknown'System info: host: 'RPORAKALA-PC', ip: '192.168.18.93', os.name: 'Windows 10', os.arch: 'amd64', os.version: '10.0', java.version: '1.8.0_151'Driver info: org.openqa.selenium.firefox.FirefoxDriverCapabilities [{moz:profile=C:\Users\rporakala\AppData\Local\Temp\rust_mozprofile.Co6ETQhWqVyS, rotatable=false, timeouts={implicit=0.0, pageLoad=300000.0, script=30000.0}, pageLoadStrategy=normal, moz:headless=false, platform=ANY, moz:accessibilityChecks=false, acceptInsecureCerts=false, browserVersion=58.0.2, platformVersion=10.0, moz:processID=908.0, browserName=firefox, javascriptEnabled=true, platformName=windows_nt, moz:webdriverClick=true}]Session ID: cdb31bdb-d857-469a-844a-3b2e48b5a9f2at org.openqa.selenium.remote.http.W3CHttpResponseCodec.createException(W3CHttpResponseCodec.java:150)at org.openqa.selenium.remote.http.W3CHttpResponseCodec.decode(W3CHttpResponseCodec.java:115)at org.openqa.selenium.remote.http.W3CHttpResponseCodec.decode(W3CHttpResponseCodec.java:45)at org.openqa.selenium.remote.HttpCommandExecutor.execute(HttpCommandExecutor.java:164)at org.openqa.selenium.remote.service.DriverCommandExecutor.execute(DriverCommandExecutor.java:82)at org.openqa.selenium.remote.RemoteWebDriver.execute(RemoteWebDriver.java:637)at org.openqa.selenium.remote.RemoteWebDriver.get(RemoteWebDriver.java:364)at Com.Staples.TestngTestCases.staplesTestngClasses.staplesLogin(staplesTestngClasses.java:75)... Removed 29 stack frames]]>
    </failure>
  </testcase> <!-- staplesLogin -->
</testsuite> <!-- Staples -->
