<?xml version="1.0" encoding="UTF-8"?>
<!-- Generated by org.testng.reporters.JUnitXMLReporter -->
<testsuite hostname="rporakala-pc" ignored="0" name="StaplesTests-IEBrowser" tests="2" failures="1" timestamp="23 Feb 2018 06:36:02 GMT" time="34.611" errors="0">
  <testcase name="browserLaunching" time="3.649" classname="Com.Staples.CommonLib.Baseclass"/>
  <testcase name="staplesLoginwithValidCredentials" time="30.332" classname="Com.Staples.TestngTestCases.staplesTestngClasses">
    <failure type="org.openqa.selenium.TimeoutException" message="Expected condition failed: waiting for presence of element located by: By.className: hidden-sm (tried for 20 second(s) with 500 MILLISECONDS interval)">
      <![CDATA[org.openqa.selenium.TimeoutException: Expected condition failed: waiting for presence of element located by: By.className: hidden-sm (tried for 20 second(s) with 500 MILLISECONDS interval)at org.openqa.selenium.support.ui.WebDriverWait.timeoutException(WebDriverWait.java:80)at org.openqa.selenium.support.ui.FluentWait.until(FluentWait.java:232)at Com.Staples.CommonLib.CommonLibs.waitForclassname(CommonLibs.java:30)at Com.Staples.ProjectSpecificLib.ProjectLib.staplesLoginTest(ProjectLib.java:31)at Com.Staples.TestngTestCases.staplesTestngClasses.staplesLoginwithValidCredentials(staplesTestngClasses.java:70)Caused by: org.openqa.selenium.NoSuchElementException: Cannot locate an element using By.className: hidden-smFor documentation on this error, please visit: http://seleniumhq.org/exceptions/no_such_element.htmlBuild info: version: '3.4.0', revision: 'unknown', time: 'unknown'System info: host: 'RPORAKALA-PC', ip: '192.168.18.95', os.name: 'Windows 10', os.arch: 'amd64', os.version: '10.0', java.version: '1.8.0_151'Driver info: driver.version: unknownat org.openqa.selenium.support.ui.ExpectedConditions.lambda$findElement$0(ExpectedConditions.java:883)at java.util.Optional.orElseThrow(Unknown Source)at org.openqa.selenium.support.ui.ExpectedConditions.findElement(ExpectedConditions.java:882)at org.openqa.selenium.support.ui.ExpectedConditions.access$000(ExpectedConditions.java:44)at org.openqa.selenium.support.ui.ExpectedConditions$6.apply(ExpectedConditions.java:183)at org.openqa.selenium.support.ui.ExpectedConditions$6.apply(ExpectedConditions.java:180)at org.openqa.selenium.support.ui.FluentWait.until(FluentWait.java:209)... 28 more... Removed 25 stack frames]]>
    </failure>
  </testcase> <!-- staplesLoginwithValidCredentials -->
</testsuite> <!-- StaplesTests-IEBrowser -->
