<!DOCTYPE html PUBLIC "-//W3C//DTD XHTML 1.1//EN" "http://www.w3.org/TR/xhtml11/DTD/xhtml11.dtd">
<html xmlns="http://www.w3.org/1999/xhtml">
<head>
<meta http-equiv="content-type" content="text/html; charset=UTF-8"/>
<title>TestNG Report</title>
<style type="text/css">table {margin-bottom:10px;border-collapse:collapse;empty-cells:show}th,td {border:1px solid #009;padding:.25em .5em}th {vertical-align:bottom}td {vertical-align:top}table a {font-weight:bold}.stripe td {background-color: #E6EBF9}.num {text-align:right}.passedodd td {background-color: #3F3}.passedeven td {background-color: #0A0}.skippedodd td {background-color: #DDD}.skippedeven td {background-color: #CCC}.failedodd td,.attn {background-color: #F33}.failedeven td,.stripe .attn {background-color: #D00}.stacktrace {white-space:pre;font-family:monospace}.totop {font-size:85%;text-align:center;border-bottom:2px solid #000}.invisible {display:none}</style>
</head>
<body>
<table>
<tr><th>Test</th><th># Passed</th><th># Skipped</th><th># Failed</th><th>Time (ms)</th><th>Included Groups</th><th>Excluded Groups</th></tr>
<tr><th colspan="7">StaplesSuite</th></tr>
<tr><td><a href="#t0">StaplesTests-FirefoxBrowser</a></td><td class="num">2</td><td class="num">0</td><td class="num">0</td><td class="num">56,486</td><td></td><td></td></tr>
<tr class="stripe"><td><a href="#t1">StaplesTests-ChromeBrowser</a></td><td class="num">2</td><td class="num">0</td><td class="num">0</td><td class="num">29,799</td><td></td><td></td></tr>
<tr><td><a href="#t2">StaplesTests-IEBrowser</a></td><td class="num">1</td><td class="num">0</td><td class="num attn">1</td><td class="num">34,611</td><td></td><td></td></tr>
<tr><th>Total</th><th class="num">5</th><th class="num">0</th><th class="num attn">1</th><th class="num">120,896</th><th colspan="2"></th></tr>
</table>
<table id='summary'><thead><tr><th>Class</th><th>Method</th><th>Start</th><th>Time (ms)</th></tr></thead><tbody><tr><th colspan="4">StaplesSuite</th></tr></tbody><tbody id="t0"><tr><th colspan="4">StaplesTests-FirefoxBrowser &#8212; passed</th></tr><tr class="passedeven"><td rowspan="1">Com.Staples.CommonLib.Baseclass</td><td><a href="#m0">browserLaunching</a></td><td rowspan="1">1519367641682</td><td rowspan="1">9429</td></tr><tr class="passedodd"><td rowspan="1">Com.Staples.TestngTestCases.staplesTestngClasses</td><td><a href="#m1">staplesLoginwithValidCredentials</a></td><td rowspan="1">1519367651707</td><td rowspan="1">45235</td></tr></tbody>
<tbody id="t1"><tr><th colspan="4">StaplesTests-ChromeBrowser &#8212; passed</th></tr><tr class="passedeven"><td rowspan="1">Com.Staples.CommonLib.Baseclass</td><td><a href="#m2">browserLaunching</a></td><td rowspan="1">1519367697861</td><td rowspan="1">5148</td></tr><tr class="passedodd"><td rowspan="1">Com.Staples.TestngTestCases.staplesTestngClasses</td><td><a href="#m3">staplesLoginwithValidCredentials</a></td><td rowspan="1">1519367704179</td><td rowspan="1">23169</td></tr></tbody>
<tbody id="t2"><tr><th colspan="4">StaplesTests-IEBrowser &#8212; failed</th></tr><tr class="failedeven"><td rowspan="1">Com.Staples.TestngTestCases.staplesTestngClasses</td><td><a href="#m4">staplesLoginwithValidCredentials</a></td><td rowspan="1">1519367731390</td><td rowspan="1">30332</td></tr><tr><th colspan="4">StaplesTests-IEBrowser &#8212; passed</th></tr><tr class="passedeven"><td rowspan="1">Com.Staples.CommonLib.Baseclass</td><td><a href="#m5">browserLaunching</a></td><td rowspan="1">1519367727680</td><td rowspan="1">3649</td></tr></tbody>
</table>
<h2>StaplesTests-FirefoxBrowser</h2><h3 id="m0">Com.Staples.CommonLib.Baseclass#browserLaunching</h3><table class="result"><tr class="param"><th>Parameter #1</th></tr><tr class="param stripe"><td>firefox</td></tr></table><p class="totop"><a href="#summary">back to summary</a></p>
<h3 id="m1">Com.Staples.TestngTestCases.staplesTestngClasses#staplesLoginwithValidCredentials</h3><table class="result"><tr><th class="invisible"/></tr></table><p class="totop"><a href="#summary">back to summary</a></p>
<h2>StaplesTests-ChromeBrowser</h2><h3 id="m2">Com.Staples.CommonLib.Baseclass#browserLaunching</h3><table class="result"><tr class="param"><th>Parameter #1</th></tr><tr class="param stripe"><td>Chrome</td></tr></table><p class="totop"><a href="#summary">back to summary</a></p>
<h3 id="m3">Com.Staples.TestngTestCases.staplesTestngClasses#staplesLoginwithValidCredentials</h3><table class="result"><tr><th class="invisible"/></tr></table><p class="totop"><a href="#summary">back to summary</a></p>
<h2>StaplesTests-IEBrowser</h2><h3 id="m4">Com.Staples.TestngTestCases.staplesTestngClasses#staplesLoginwithValidCredentials</h3><table class="result"><tr><th>Exception</th></tr><tr><td><div class="stacktrace">org.openqa.selenium.TimeoutException: Expected condition failed: waiting for presence of element located by: By.className: hidden-sm (tried for 20 second(s) with 500 MILLISECONDS interval)
	at org.openqa.selenium.support.ui.WebDriverWait.timeoutException(WebDriverWait.java:80)
	at org.openqa.selenium.support.ui.FluentWait.until(FluentWait.java:232)
	at Com.Staples.CommonLib.CommonLibs.waitForclassname(CommonLibs.java:30)
	at Com.Staples.ProjectSpecificLib.ProjectLib.staplesLoginTest(ProjectLib.java:31)
	at Com.Staples.TestngTestCases.staplesTestngClasses.staplesLoginwithValidCredentials(staplesTestngClasses.java:70)
Caused by: org.openqa.selenium.NoSuchElementException: Cannot locate an element using By.className: hidden-sm
For documentation on this error, please visit: http://seleniumhq.org/exceptions/no_such_element.html
Build info: version: &apos;3.4.0&apos;, revision: &apos;unknown&apos;, time: &apos;unknown&apos;
System info: host: &apos;RPORAKALA-PC&apos;, ip: &apos;192.168.18.95&apos;, os.name: &apos;Windows 10&apos;, os.arch: &apos;amd64&apos;, os.version: &apos;10.0&apos;, java.version: &apos;1.8.0_151&apos;
Driver info: driver.version: unknown
	at org.openqa.selenium.support.ui.ExpectedConditions.lambda$findElement$0(ExpectedConditions.java:883)
	at java.util.Optional.orElseThrow(Unknown Source)
	at org.openqa.selenium.support.ui.ExpectedConditions.findElement(ExpectedConditions.java:882)
	at org.openqa.selenium.support.ui.ExpectedConditions.access$000(ExpectedConditions.java:44)
	at org.openqa.selenium.support.ui.ExpectedConditions$6.apply(ExpectedConditions.java:183)
	at org.openqa.selenium.support.ui.ExpectedConditions$6.apply(ExpectedConditions.java:180)
	at org.openqa.selenium.support.ui.FluentWait.until(FluentWait.java:209)
	... 28 more
... Removed 25 stack frames</div></td></tr></table><p class="totop"><a href="#summary">back to summary</a></p>
<h3 id="m5">Com.Staples.CommonLib.Baseclass#browserLaunching</h3><table class="result"><tr class="param"><th>Parameter #1</th></tr><tr class="param stripe"><td>IE</td></tr></table><p class="totop"><a href="#summary">back to summary</a></p>
</body>
</html>
